# JRE version: OpenJDK Runtime Environment (8.0_152-b02) (build 1.8.0_152-release-1024-b02)
# Java VM: OpenJDK 64-Bit Server VM (25.152-b02 mixed mode windows-amd64 compressed oops)
Heap:
 PSYoungGen      total 161792K, used 115163K [0x00000000e0000000, 0x00000000ec600000, 0x0000000100000000)
  eden space 138752K, 73% used [0x00000000e0000000,0x00000000e63dea90,0x00000000e8780000)
  from space 23040K, 55% used [0x00000000e8780000,0x00000000e9418250,0x00000000e9e00000)
  to   space 22528K, 0% used [0x00000000eb000000,0x00000000eb000000,0x00000000ec600000)
 ParOldGen       total 145408K, used 61074K [0x00000000a0000000, 0x00000000a8e00000, 0x00000000e0000000)
  object space 145408K, 42% used [0x00000000a0000000,0x00000000a3ba49e8,0x00000000a8e00000)
 Metaspace       used 93683K, capacity 97478K, committed 97624K, reserved 1134592K
  class space    used 11956K, capacity 12820K, committed 12928K, reserved 1048576K
GC Heap History (10 events):
Event: 146.659 GC heap before
{Heap before GC invocations=22 (full 3):
 PSYoungGen      total 156672K, used 156640K [0x00000000e0000000, 0x00000000eb400000, 0x0000000100000000)
  eden space 136192K, 100% used [0x00000000e0000000,0x00000000e8500000,0x00000000e8500000)
  from space 20480K, 99% used [0x00000000e9c00000,0x00000000eaff8230,0x00000000eb000000)
  to   space 23552K, 0% used [0x00000000e8500000,0x00000000e8500000,0x00000000e9c00000)
 ParOldGen       total 145408K, used 52044K [0x00000000a0000000, 0x00000000a8e00000, 0x00000000e0000000)
  object space 145408K, 35% used [0x00000000a0000000,0x00000000a32d32c8,0x00000000a8e00000)
 Metaspace       used 80593K, capacity 83942K, committed 84056K, reserved 1122304K
  class space    used 10629K, capacity 11382K, committed 11392K, reserved 1048576K
Event: 146.696 GC heap after
Heap after GC invocations=22 (full 3):
 PSYoungGen      total 159744K, used 17655K [0x00000000e0000000, 0x00000000ec280000, 0x0000000100000000)
  eden space 136192K, 0% used [0x00000000e0000000,0x00000000e0000000,0x00000000e8500000)
  from space 23552K, 74% used [0x00000000e8500000,0x00000000e963dc68,0x00000000e9c00000)
  to   space 25088K, 0% used [0x00000000eaa00000,0x00000000eaa00000,0x00000000ec280000)
 ParOldGen       total 145408K, used 61042K [0x00000000a0000000, 0x00000000a8e00000, 0x00000000e0000000)
  object space 145408K, 41% used [0x00000000a0000000,0x00000000a3b9c9e8,0x00000000a8e00000)
 Metaspace       used 80593K, capacity 83942K, committed 84056K, reserved 1122304K
  class space    used 10629K, capacity 11382K, committed 11392K, reserved 1048576K
}
Event: 175.184 GC heap before
{Heap before GC invocations=23 (full 3):
 PSYoungGen      total 159744K, used 153847K [0x00000000e0000000, 0x00000000ec280000, 0x0000000100000000)
  eden space 136192K, 100% used [0x00000000e0000000,0x00000000e8500000,0x00000000e8500000)
  from space 23552K, 74% used [0x00000000e8500000,0x00000000e963dc68,0x00000000e9c00000)
  to   space 25088K, 0% used [0x00000000eaa00000,0x00000000eaa00000,0x00000000ec280000)
 ParOldGen       total 145408K, used 61042K [0x00000000a0000000, 0x00000000a8e00000, 0x00000000e0000000)
  object space 145408K, 41% used [0x00000000a0000000,0x00000000a3b9c9e8,0x00000000a8e00000)
 Metaspace       used 83948K, capacity 87298K, committed 87512K, reserved 1124352K
  class space    used 10964K, capacity 11724K, committed 11776K, reserved 1048576K
Event: 175.197 GC heap after
Heap after GC invocations=23 (full 3):
 PSYoungGen      total 167936K, used 10527K [0x00000000e0000000, 0x00000000ebe80000, 0x0000000100000000)
  eden space 146944K, 0% used [0x00000000e0000000,0x00000000e0000000,0x00000000e8f80000)
  from space 20992K, 50% used [0x00000000eaa00000,0x00000000eb447cc0,0x00000000ebe80000)
  to   space 24064K, 0% used [0x00000000e8f80000,0x00000000e8f80000,0x00000000ea700000)
 ParOldGen       total 145408K, used 61050K [0x00000000a0000000, 0x00000000a8e00000, 0x00000000e0000000)
  object space 145408K, 41% used [0x00000000a0000000,0x00000000a3b9e9e8,0x00000000a8e00000)
 Metaspace       used 83948K, capacity 87298K, committed 87512K, reserved 1124352K
  class space    used 10964K, capacity 11724K, committed 11776K, reserved 1048576K
}
Event: 278.897 GC heap before
{Heap before GC invocations=24 (full 3):
 PSYoungGen      total 167936K, used 157471K [0x00000000e0000000, 0x00000000ebe80000, 0x0000000100000000)
  eden space 146944K, 100% used [0x00000000e0000000,0x00000000e8f80000,0x00000000e8f80000)
  from space 20992K, 50% used [0x00000000eaa00000,0x00000000eb447cc0,0x00000000ebe80000)
  to   space 24064K, 0% used [0x00000000e8f80000,0x00000000e8f80000,0x00000000ea700000)
 ParOldGen       total 145408K, used 61050K [0x00000000a0000000, 0x00000000a8e00000, 0x00000000e0000000)
  object space 145408K, 41% used [0x00000000a0000000,0x00000000a3b9e9e8,0x00000000a8e00000)
 Metaspace       used 87501K, capacity 91350K, committed 91480K, reserved 1128448K
  class space    used 11294K, capacity 12144K, committed 12160K, reserved 1048576K
Event: 278.943 GC heap after
Heap after GC invocations=24 (full 3):
 PSYoungGen      total 158720K, used 15428K [0x00000000e0000000, 0x00000000eba80000, 0x0000000100000000)
  eden space 142848K, 0% used [0x00000000e0000000,0x00000000e0000000,0x00000000e8b80000)
  from space 15872K, 97% used [0x00000000e8f80000,0x00000000e9e912c8,0x00000000e9f00000)
  to   space 24064K, 0% used [0x00000000ea300000,0x00000000ea300000,0x00000000eba80000)
 ParOldGen       total 145408K, used 61058K [0x00000000a0000000, 0x00000000a8e00000, 0x00000000e0000000)
  object space 145408K, 41% used [0x00000000a0000000,0x00000000a3ba09e8,0x00000000a8e00000)
 Metaspace       used 87501K, capacity 91350K, committed 91480K, reserved 1128448K
  class space    used 11294K, capacity 12144K, committed 12160K, reserved 1048576K
}
Event: 287.193 GC heap before
{Heap before GC invocations=25 (full 3):
 PSYoungGen      total 158720K, used 158276K [0x00000000e0000000, 0x00000000eba80000, 0x0000000100000000)
  eden space 142848K, 100% used [0x00000000e0000000,0x00000000e8b80000,0x00000000e8b80000)
  from space 15872K, 97% used [0x00000000e8f80000,0x00000000e9e912c8,0x00000000e9f00000)
  to   space 24064K, 0% used [0x00000000ea300000,0x00000000ea300000,0x00000000eba80000)
 ParOldGen       total 145408K, used 61058K [0x00000000a0000000, 0x00000000a8e00000, 0x00000000e0000000)
  object space 145408K, 41% used [0x00000000a0000000,0x00000000a3ba09e8,0x00000000a8e00000)
 Metaspace       used 87745K, capacity 91494K, committed 91736K, reserved 1128448K
  class space    used 11319K, capacity 12148K, committed 12160K, reserved 1048576K
Event: 287.211 GC heap after
Heap after GC invocations=25 (full 3):
 PSYoungGen      total 156672K, used 13108K [0x00000000e0000000, 0x00000000eb480000, 0x0000000100000000)
  eden space 138752K, 0% used [0x00000000e0000000,0x00000000e0000000,0x00000000e8780000)
  from space 17920K, 73% used [0x00000000ea300000,0x00000000eafcd280,0x00000000eb480000)
  to   space 23040K, 0% used [0x00000000e8780000,0x00000000e8780000,0x00000000e9e00000)
 ParOldGen       total 145408K, used 61066K [0x00000000a0000000, 0x00000000a8e00000, 0x00000000e0000000)
  object space 145408K, 41% used [0x00000000a0000000,0x00000000a3ba29e8,0x00000000a8e00000)
 Metaspace       used 87745K, capacity 91494K, committed 91736K, reserved 1128448K
  class space    used 11319K, capacity 12148K, committed 12160K, reserved 1048576K
}
Event: 288.890 GC heap before
{Heap before GC invocations=26 (full 3):
 PSYoungGen      total 156672K, used 151860K [0x00000000e0000000, 0x00000000eb480000, 0x0000000100000000)
  eden space 138752K, 100% used [0x00000000e0000000,0x00000000e8780000,0x00000000e8780000)
  from space 17920K, 73% used [0x00000000ea300000,0x00000000eafcd280,0x00000000eb480000)
  to   space 23040K, 0% used [0x00000000e8780000,0x00000000e8780000,0x00000000e9e00000)
 ParOldGen       total 145408K, used 61066K [0x00000000a0000000, 0x00000000a8e00000, 0x00000000e0000000)
  object space 145408K, 41% used [0x00000000a0000000,0x00000000a3ba29e8,0x00000000a8e00000)
 Metaspace       used 87865K, capacity 91590K, committed 91864K, reserved 1128448K
  class space    used 11342K, capacity 12180K, committed 12288K, reserved 1048576K
Event: 288.927 GC heap after
Heap after GC invocations=26 (full 3):
 PSYoungGen      total 161792K, used 12896K [0x00000000e0000000, 0x00000000ec600000, 0x0000000100000000)
  eden space 138752K, 0% used [0x00000000e0000000,0x00000000e0000000,0x00000000e8780000)
  from space 23040K, 55% used [0x00000000e8780000,0x00000000e9418250,0x00000000e9e00000)
  to   space 22528K, 0% used [0x00000000eb000000,0x00000000eb000000,0x00000000ec600000)
 ParOldGen       total 145408K, used 61074K [0x00000000a0000000, 0x00000000a8e00000, 0x00000000e0000000)
  object space 145408K, 42% used [0x00000000a0000000,0x00000000a3ba49e8,0x00000000a8e00000)
 Metaspace       used 87865K, capacity 91590K, committed 91864K, reserved 1128448K
  class space    used 11342K, capacity 12180K, committed 12288K, reserved 1048576K
}

